HONDA
HONDA

UNDETERMINED
UNDETERMINED

Dorris
UNDETERMINED
UNDETERMINED
Abarth
UNDETERMINED
Yello
Yello
UNDETERMINED
UNDETERMINED
UNDETERMINED
UNDETERMINED
D
FAS
UNDETERMINED
UNDETERMINED
Mitsuoka
Bristol
UNDETERMINED
Abarth
UNDETERMINED

Ferrari
Thaco
Thaco
UNDETERMINED
Thaco
Ferrari
UNDETERMINED
Ferrari
Ferrari
UNDETERMINED
Ferrari
UNDETERMINED
UNDETERMINED
UNDETERMINED
Thaco

Saleen
Oltcit
Monteverdi
UNDETERMINED
UNDETERMINED
UNDETERMINED
Dakar
UNDETERMINED
Dakar
GuleryuzKaroseri
PGO
UNDETERMINED
WMotors
UNDETERMINED
UNDETERMINED
UNDETERMINED

Yello
UNDETERMINED
Mitsubishi
Defunct
UNDETERMINED
UNDETERMINED
Automeccanica
LaFayette
UNDETERMINED
Canada
UNDETERMINED
Durant
UNDETERMINED
UNDETERMINED
UNDETERMINED
UNDETERMINED
Thaco
Yello
Bajaj
UNDETERMINED
UNDETERMINED
Defunct
Mitsubishi
Mitsubishi
UNDETERMINED
UTB
UNDETERMINED
Defunct
Hudson

Piaggio
Fuji
Spain
UNDETERMINED
Piaggio
Tempo
Aixam
UNDETERMINED
Tempo
UNDETERMINED
UNDETERMINED
Piaggio
Spain
Subaru
UNDETERMINED
Glas

UNDETERMINED
Ford
Jackson
Turkey
Ford
UNDETERMINED
UNDETERMINED
UNDETERMINED

Portugal
UNDETERMINED
Portugal
UNDETERMINED

UNDETERMINED
UNDETERMINED
Vespa
UNDETERMINED
Vespa
KrAZ
KrAZ
Vespa
Vespa
Vespa
UNDETERMINED
Vespa
UNDETERMINED
Vespa
UNDETERMINED
Vespa
Vespa
UNDETERMINED
KrAZ
Vespa
UNDETERMINED
Vespa
Vespa
UNDETERMINED
UNDETERMINED
UNDETERMINED
UNDETERMINED

UNDETERMINED
UNDETERMINED
Intermeccanica
UNDETERMINED
DRMotor
Multicar
UNDETERMINED
Dort
Lanchester
Wanderer
KermanKhodro
UNDETERMINED
UNDETERMINED
UNDETERMINED
KermanKhodro
UNDETERMINED
UNDETERMINED
Smart
Morgan
Trojan
UNDETERMINED
UNDETERMINED
UNDETERMINED
DRMotor
AMC
