11 21
20 1 2 3 4 5 6 7 8 9 10 11 12 13 14 16 17 18 19 21 21 
56 32 97 67 46 51 56 75 86 18 52 35 25 82 68 2 60 37 63 100 
21 1 2 3 4 5 6 7 8 9 10 11 12 13 14 15 16 17 18 19 21 21 
98 12 29 13 34 19 20 40 77 92 99 79 89 93 54 49 66 24 73 73 19 
21 1 2 3 4 5 6 7 8 9 10 11 12 13 14 15 16 17 18 19 21 21 
76 60 73 14 69 25 6 8 13 93 38 58 12 41 29 53 2 68 9 59 34 
18 1 2 3 4 5 6 7 8 9 10 11 12 13 14 16 17 18 21 
74 25 82 31 61 33 82 18 34 51 75 83 94 41 58 13 98 10 
19 1 2 3 4 5 6 7 8 9 10 11 14 15 16 17 18 19 21 21 
40 29 17 51 82 15 7 54 90 13 93 38 27 91 17 62 22 79 33 
18 1 2 3 5 7 8 9 10 11 12 13 14 16 17 18 19 21 21 
79 77 74 21 26 84 21 98 22 62 44 99 28 15 82 11 32 17 
20 1 2 3 4 5 6 7 8 9 10 12 13 14 15 16 17 18 19 21 21 
35 83 9 91 100 15 65 34 77 21 55 68 17 3 25 93 23 34 100 18 
19 1 2 3 4 6 7 8 9 10 11 12 13 14 15 16 18 19 21 21 
82 16 83 19 6 86 74 86 19 71 73 95 87 17 34 40 10 82 89 
20 2 3 4 5 6 7 8 9 10 11 12 13 14 15 16 17 18 19 21 21 
21 31 55 84 26 55 43 25 76 93 30 66 43 49 56 13 34 16 85 97 
20 1 2 3 4 5 6 7 8 9 10 11 12 13 14 15 17 18 19 21 21 
12 59 95 47 57 28 100 12 74 73 16 76 26 52 93 60 9 96 18 24 
20 1 2 4 5 6 7 8 9 10 11 12 13 14 15 16 17 18 19 21 21 
85 62 12 82 48 69 83 59 35 95 88 46 11 42 33 39 23 89 49 96 
10 13
13 1 1 2 2 3 3 4 4 5 5 6 6 7 7 8 8 9 9 10 10 11 11 13 13 13 13 14 16 17 18 19 20 21 
50 0 42 0 9 0 23 0 15 0 46 0 39 0 38 0 81 0 25 0 49 0 34 0 96 0 82 68 2 60 37 63 100 
13 1 1 2 2 3 3 4 4 5 5 6 6 7 7 8 8 9 9 10 10 11 11 13 13 13 13 14 15 16 17 18 19 20 21 
47 0 92 0 25 0 68 0 62 0 48 0 21 0 84 0 90 0 40 0 90 0 70 0 82 0 93 54 49 66 24 73 73 19 
13 1 1 2 2 3 3 4 4 5 5 6 6 7 7 8 8 9 9 10 10 11 11 13 13 13 13 14 15 16 17 18 19 20 21 
99 0 80 0 78 0 40 0 59 0 34 0 43 0 9 0 54 0 41 0 67 0 6 0 29 0 41 29 53 2 68 9 59 34 
13 1 1 2 2 3 3 4 4 5 5 6 6 7 7 8 8 9 9 10 10 11 11 13 13 13 13 14 16 17 18 21 
13 0 53 0 32 0 11 0 72 0 24 0 8 0 17 0 53 0 31 0 41 0 51 0 28 0 41 58 13 98 10 
13 1 1 2 2 3 3 4 4 5 5 6 6 7 7 8 8 9 9 10 10 11 11 13 13 14 15 16 17 18 19 20 21 
94 0 64 0 19 0 33 0 48 0 51 0 43 0 61 0 59 0 21 0 99 0 0 0 38 27 91 17 62 22 79 33 
13 1 1 2 2 3 3 4 5 5 6 7 7 8 8 9 9 10 10 11 11 13 13 13 13 14 16 17 18 19 20 21 
91 0 97 0 22 0 0 58 0 0 48 0 77 0 6 0 21 0 85 0 15 0 36 0 99 28 15 82 11 32 17 
13 1 1 2 2 3 3 4 4 5 5 6 6 7 7 8 8 9 9 10 10 11 13 13 13 13 14 15 16 17 18 19 20 21 
21 0 54 0 18 0 78 0 87 0 60 0 42 0 81 0 7 0 81 0 0 56 0 98 0 17 3 25 93 23 34 100 18 
13 1 1 2 2 3 3 4 4 5 6 6 7 7 8 8 9 9 10 10 11 11 13 13 13 13 14 15 16 18 19 20 21 
48 0 36 0 65 0 46 0 0 14 0 73 0 12 0 27 0 12 0 27 0 49 0 87 0 87 17 34 40 10 82 89 
13 1 2 2 3 3 4 4 5 5 6 6 7 7 8 8 9 9 10 10 11 11 13 13 13 13 14 15 16 17 18 19 20 21 
0 16 0 45 0 32 0 61 0 29 0 91 0 23 0 5 0 29 0 27 0 46 0 8 0 43 49 56 13 34 16 85 97 
13 1 1 2 2 3 3 4 4 5 5 6 6 7 7 8 8 9 9 10 10 11 11 13 13 13 13 14 15 17 18 19 20 21 
26 0 69 0 19 0 83 0 30 0 71 0 24 0 66 0 81 0 53 0 52 0 11 0 95 0 52 93 60 9 96 18 24 
22 11
32527 1 1 2 2 2 3 3 4 4 4 5 5 6 6 7 7 7 8 8 8 9 9 9 11 11 11 11 12 12 13 13 14 16 17 18 19 20 21 
97 6 45 35 0 61 70 98 86 0 9 79 76 23 56 9 0 5 90 0 21 75 0 29 64 67 58 34 0 96 0 82 68 2 60 37 63 100 
23479319 1 1 1 2 2 3 3 3 4 4 5 5 5 6 6 6 7 7 7 8 8 9 9 11 11 11 11 11 11 12 12 13 13 14 15 16 17 18 19 20 21 
52 24 0 30 0 22 26 0 88 94 97 40 0 32 34 0 35 8 0 81 86 13 80 36 55 0 69 25 0 70 0 82 0 93 54 49 66 24 73 73 19 
7 1 1 1 2 2 2 3 3 4 4 4 5 5 5 6 6 7 7 8 8 8 9 9 9 11 11 11 11 11 12 12 13 13 14 15 16 17 18 19 20 21 
95 0 0 4 0 0 52 45 40 63 0 98 55 0 1 17 33 74 99 24 0 64 92 0 54 0 38 35 0 6 0 29 0 41 29 53 2 68 9 59 34 
12 1 1 2 2 3 3 3 4 4 4 5 5 5 6 6 6 7 7 7 8 8 8 9 9 9 11 11 11 11 11 11 12 12 13 13 14 16 17 18 21 
74 0 25 0 14 0 0 17 55 0 49 87 0 2 89 0 55 0 0 100 16 0 54 59 0 95 0 0 79 85 0 51 0 28 0 41 58 13 98 10 
83 1 1 1 2 2 2 3 3 3 4 4 5 5 6 6 6 7 7 8 8 9 9 9 11 11 11 11 11 11 12 13 14 15 16 17 18 19 20 21 
47 0 0 79 0 0 95 0 0 42 0 34 0 86 45 0 63 0 62 0 41 0 0 56 0 0 70 91 0 0 0 38 27 91 17 62 22 79 33 
10 1 1 2 2 3 3 4 4 5 5 5 6 6 7 7 7 8 8 8 9 9 11 11 11 11 11 12 12 13 13 14 16 17 18 19 20 21 
68 0 73 0 71 0 0 0 30 0 0 0 0 8 0 0 85 0 0 80 0 73 0 83 45 0 15 0 36 0 99 28 15 82 11 32 17 
81 1 1 1 2 2 2 3 3 3 4 4 4 5 5 5 6 6 6 7 7 8 8 9 9 9 11 11 11 12 12 13 13 14 15 16 17 18 19 20 21 
1 0 0 67 0 0 1 0 0 38 0 0 86 0 0 26 0 0 92 0 17 0 78 0 0 69 0 0 56 0 98 0 17 3 25 93 23 34 100 18 
12 1 1 1 2 2 3 3 4 4 4 5 6 6 6 7 7 7 8 8 8 9 9 11 11 11 11 11 11 12 12 13 13 14 15 16 18 19 20 21 
86 0 0 48 0 96 0 59 0 0 0 77 0 0 84 0 0 95 0 0 93 0 49 0 0 83 0 0 49 0 87 0 87 17 34 40 10 82 89 
48 1 2 2 2 3 3 3 4 4 5 5 5 6 6 7 7 7 8 8 8 9 9 9 11 11 11 11 11 11 12 12 13 13 14 15 16 17 18 19 20 21 
0 81 0 0 93 0 0 40 0 96 0 0 27 0 14 0 0 7 0 0 7 0 0 3 0 0 58 0 0 46 0 8 0 43 49 56 13 34 16 85 97 
14 1 1 1 2 2 3 3 3 4 4 4 5 5 6 6 6 7 7 8 8 8 9 9 9 11 11 11 11 11 11 12 12 13 13 14 15 17 18 19 20 21 
41 0 0 83 0 75 0 0 41 0 0 25 0 72 0 0 29 0 4 0 0 48 0 0 64 0 0 69 0 0 11 0 95 0 52 93 60 9 96 18 24 
87 1 1 2 2 3 4 4 5 6 7 7 8 8 9 9 11 11 11 12 13 14 15 16 17 18 19 20 21 
99 0 98 0 0 76 0 97 50 6 0 26 0 64 0 45 34 0 38 61 11 42 33 39 23 89 49 96 
13 2 3 5 6 7 11 
0 0 0 0 0 0 
41 1 4 5 8 9 11 
0 0 0 0 0 0 
17 2 3 5 6 7 8 9 11 11 
0 0 0 0 0 0 0 0 0 
88 1 4 7 8 11 11 
0 0 0 0 0 0 
19 1 2 3 4 5 6 9 11 11 
0 0 0 0 0 0 0 0 0 
16 5 6 7 8 
0 0 0 0 
18 1 2 3 4 8 9 11 
0 0 0 0 0 0 0 
90 5 6 7 9 11 
0 0 0 0 0 
9 2 4 5 6 7 8 11 11 
0 0 0 0 0 0 0 0 
7 1 3 5 6 8 9 11 
0 0 0 0 0 0 0 
9 2 3 4 6 7 9 11 
0 0 0 0 0 0 0 
8 19
32541 1 1 1 2 2 2 2 3 3 3 4 4 4 4 5 5 5 6 6 6 7 7 7 7 8 8 8 8 9 9 9 9 10 10 10 11 11 11 12 12 12 13 13 13 14 14 15 16 16 17 17 19 19 19 19 20 21 
73 6 0 14 35 0 0 88 70 0 96 86 0 0 80 79 0 10 23 0 66 9 0 0 21 90 0 0 80 75 0 0 62 64 0 62 58 0 97 0 0 91 0 0 14 0 0 88 0 54 0 40 0 33 0 63 100 
-404105525 1 1 1 1 2 2 2 3 3 3 3 4 4 4 5 5 5 5 6 6 6 6 7 7 7 7 8 8 8 9 9 9 10 10 10 10 11 11 11 11 12 12 12 13 13 13 14 14 15 15 16 16 17 17 19 19 19 19 20 21 
67 24 0 0 28 0 0 5 26 0 0 3 94 0 2 40 0 0 33 34 0 0 41 8 0 0 88 86 0 95 80 0 17 55 0 0 8 25 0 0 65 0 0 14 0 0 52 0 7 0 57 0 30 0 47 0 58 0 73 19 
32541 1 1 1 1 2 2 2 2 3 3 3 4 4 4 4 5 5 5 5 6 6 6 7 7 7 8 8 8 8 9 9 9 9 10 10 10 11 11 11 11 12 12 12 13 13 13 14 14 15 15 16 16 17 17 19 19 19 19 20 21 
62 0 0 0 13 0 0 0 36 45 0 30 63 0 0 19 55 0 0 51 17 0 76 74 0 6 24 0 0 24 92 0 0 55 0 0 52 35 0 0 72 0 0 80 0 0 49 0 88 0 95 0 31 0 68 0 34 0 59 34 
22 1 1 1 2 2 2 3 3 3 3 4 4 4 4 5 5 5 5 6 6 6 6 7 7 7 7 8 8 8 8 9 9 9 9 10 10 10 10 11 11 11 11 12 12 12 13 13 13 14 14 15 16 16 17 17 19 19 19 21 
97 0 0 94 0 0 44 0 0 0 94 55 0 0 13 87 0 0 59 89 0 0 55 0 0 0 68 16 0 0 55 59 0 0 61 0 0 0 46 85 0 0 54 0 0 68 0 0 51 0 0 74 0 94 0 54 0 0 10 
19 1 1 1 1 2 2 2 2 3 3 3 3 4 4 4 5 5 5 6 6 6 6 7 7 7 8 8 8 9 9 9 9 10 10 10 10 11 11 11 11 12 12 13 13 14 14 15 15 16 16 17 17 19 19 19 19 20 21 
24 0 0 0 32 0 0 0 37 0 0 0 83 0 0 8 0 0 48 45 0 0 26 0 0 94 0 0 99 0 0 0 73 0 0 0 92 91 0 0 0 0 0 0 91 0 28 0 53 0 7 0 44 0 74 0 79 33 
23 1 1 1 2 2 2 3 3 3 4 4 4 5 5 5 5 6 6 6 7 7 7 7 8 8 8 8 9 9 9 10 10 10 11 11 11 11 12 12 12 13 13 13 14 14 15 16 16 17 17 19 19 19 19 20 21 
45 0 0 41 0 0 92 0 0 0 0 0 39 0 0 0 0 0 0 94 0 0 0 75 0 0 0 90 0 0 43 0 0 57 45 0 0 90 0 0 29 0 0 15 0 0 11 0 76 0 54 0 45 0 32 17 
19 1 1 1 1 2 2 2 2 3 3 3 3 4 4 4 4 5 5 5 5 6 6 6 6 7 7 7 8 8 8 9 9 9 9 10 10 10 11 11 12 12 12 13 13 13 14 14 15 15 16 16 17 17 19 19 19 19 20 21 
74 0 0 0 35 0 0 0 57 0 0 0 62 0 0 0 66 0 0 0 2 0 0 0 10 0 0 58 0 0 13 0 0 0 4 0 0 0 0 92 0 0 57 0 0 74 0 59 0 72 0 37 0 52 0 97 0 100 18 
24 1 1 1 1 2 2 2 3 3 3 4 4 4 4 5 5 6 6 6 6 7 7 7 7 8 8 8 8 9 9 9 10 10 10 10 11 11 11 11 12 12 12 13 13 13 14 14 15 15 16 16 17 19 19 19 19 20 21 
26 0 0 0 34 0 0 13 0 0 94 0 0 0 0 0 28 0 0 0 11 0 0 0 45 0 0 0 71 0 0 3 0 0 0 39 0 0 0 1 0 0 95 0 0 92 0 3 0 16 0 0 18 0 77 0 82 89 
20 20
32527 1 1 1 1 2 2 2 2 3 3 3 4 4 4 4 4 5 5 5 6 6 6 7 7 7 7 8 8 8 8 8 9 9 9 9 10 10 10 11 11 11 12 12 12 13 13 13 14 14 15 16 16 16 17 17 18 18 18 20 20 20 21 
3 89 0 0 95 37 0 0 50 54 0 84 90 0 0 0 96 20 0 93 57 0 63 94 0 0 27 100 0 0 0 66 19 0 0 60 28 0 23 74 0 88 49 0 15 15 0 34 88 60 28 100 0 11 68 70 50 0 68 70 64 100 
-404105430 1 1 1 1 2 2 2 2 3 3 3 3 3 4 4 4 4 5 5 5 5 5 6 6 6 6 6 7 7 7 7 7 8 8 8 8 9 9 9 9 10 10 10 10 10 11 11 11 11 11 12 12 12 12 13 13 13 13 14 14 14 15 15 15 16 16 17 17 17 18 18 18 20 20 20 20 20 21 
62 38 0 0 87 90 0 0 57 1 0 0 0 36 31 0 0 100 67 0 0 0 56 20 0 0 0 42 50 0 0 0 90 26 0 0 68 71 0 0 67 55 0 0 0 19 20 0 0 0 82 53 0 0 63 16 0 0 68 19 0 8 64 0 58 98 99 81 0 77 4 0 43 95 0 59 26 19 
32533 1 1 1 1 1 2 2 2 2 3 3 3 3 4 4 4 4 5 5 5 5 5 6 6 6 7 7 7 8 8 8 8 8 9 9 9 9 9 10 10 10 11 11 11 11 12 12 12 12 13 13 13 14 14 14 15 15 16 16 16 17 17 17 18 18 20 20 20 20 20 21 
100 51 0 0 0 61 0 0 0 20 88 0 0 57 73 0 0 77 65 0 0 0 43 17 0 55 74 0 76 81 0 0 0 71 92 0 0 0 25 0 0 15 35 0 0 94 23 0 0 48 56 0 39 61 0 34 16 30 58 0 97 8 0 40 82 57 54 0 14 10 34 
48 1 1 1 2 2 2 2 3 3 3 3 3 4 4 4 4 4 5 5 5 5 5 6 6 6 6 6 7 7 7 7 7 8 8 8 8 8 9 9 9 9 10 10 10 10 10 11 11 11 11 11 12 12 12 13 13 13 13 14 14 14 15 15 16 16 17 17 17 18 18 18 20 20 20 21 
14 0 0 86 0 0 0 86 0 0 0 0 4 55 0 0 0 49 8 0 0 0 34 89 0 0 0 62 0 0 0 0 43 16 0 0 0 38 59 0 0 66 0 0 0 0 54 85 0 0 0 23 0 0 72 7 0 0 35 30 0 3 0 79 0 99 81 0 72 0 0 81 0 57 10 
13 1 1 1 1 1 2 2 2 2 3 3 3 3 4 4 4 5 5 5 6 6 6 6 7 7 7 7 8 8 8 9 9 9 9 9 10 10 10 10 10 11 11 11 11 11 12 12 12 13 13 13 14 14 14 15 15 15 16 16 16 17 17 17 18 18 20 20 20 20 20 21 
86 0 0 0 0 89 0 0 0 42 0 0 0 31 0 0 74 42 0 48 45 0 0 44 0 0 0 25 0 0 58 0 0 0 0 44 0 0 0 0 41 91 0 0 0 0 0 0 0 0 0 89 0 0 8 47 0 17 0 0 75 8 0 85 0 57 0 0 20 0 33 
158 1 1 1 2 2 2 2 3 3 3 3 4 4 4 4 5 5 5 5 5 6 6 6 6 7 7 7 7 7 8 8 8 8 8 9 9 9 10 10 10 10 11 11 11 11 12 12 12 12 13 13 13 14 14 14 15 16 16 17 17 17 18 18 18 20 20 20 20 20 21 
26 0 0 29 0 0 0 37 0 0 0 0 0 0 0 96 0 0 0 0 0 0 0 0 16 0 0 0 0 39 0 0 0 0 9 0 0 11 0 0 0 29 45 0 0 70 0 0 0 85 0 0 36 0 0 0 100 0 67 0 0 20 0 0 48 0 0 20 0 17 
13 1 1 1 1 1 2 2 2 2 3 3 3 3 3 4 4 4 4 4 5 5 5 5 5 6 6 6 6 6 7 7 7 7 8 8 8 9 9 9 9 9 10 10 10 11 11 11 12 12 12 12 13 13 13 13 14 14 15 15 15 16 16 16 17 17 18 18 20 20 20 20 21 
32 0 0 0 0 88 0 0 0 46 0 0 0 0 19 0 0 0 0 29 0 0 0 0 96 0 0 0 0 60 0 0 0 87 0 0 62 0 0 0 0 20 0 0 0 0 0 79 0 0 0 66 0 0 0 16 0 67 0 0 74 0 0 9 0 38 0 26 0 21 0 18 
16 1 1 1 1 2 2 2 2 3 3 3 4 4 4 4 4 5 5 5 6 6 6 6 7 7 7 7 7 8 8 8 8 8 9 9 9 9 10 10 10 10 10 11 11 11 11 12 12 12 12 13 13 13 13 14 14 14 15 15 15 16 16 16 17 17 18 18 18 20 20 20 20 21 
68 0 0 0 85 0 0 0 48 0 0 26 0 0 0 0 0 0 0 6 0 0 0 51 0 0 0 0 82 0 0 0 0 52 0 0 0 81 0 0 0 0 29 0 0 0 9 0 0 0 63 0 0 0 61 0 0 100 0 0 41 0 0 0 0 19 0 0 6 0 0 83 89 
85 1 1 2 2 2 2 3 3 3 3 4 4 4 5 5 5 5 6 6 6 7 7 7 8 8 8 9 9 9 9 10 10 10 10 11 11 11 11 12 12 12 13 13 13 14 14 15 16 16 17 17 18 18 20 20 20 20 21 
0 0 70 0 0 0 13 0 0 0 7 0 0 65 0 0 0 35 0 0 58 0 0 59 0 0 38 0 0 0 12 0 0 0 3 0 0 0 86 0 0 42 0 0 14 0 23 88 0 86 0 80 0 16 0 2 0 97 
12 1 1 1 2 2 2 3 3 3 3 4 4 4 5 5 5 6 6 6 7 7 7 8 8 8 8 9 9 9 9 10 10 10 10 11 11 11 11 12 12 13 13 14 15 15 17 17 18 20 20 21 
27 0 0 28 0 0 13 0 0 0 16 0 0 31 0 0 33 0 0 42 0 0 47 0 0 0 28 0 0 0 69 0 0 0 58 0 0 0 6 0 24 0 84 73 0 38 0 62 31 99 24 
64 1 1 1 2 2 3 4 4 4 5 5 6 6 7 7 8 8 8 9 9 9 10 11 11 12 12 13 13 14 14 15 15 16 16 17 17 18 18 20 20 20 20 21 
3 0 0 44 0 0 6 0 0 40 0 63 0 1 0 63 0 0 26 0 0 88 81 0 36 0 57 0 92 0 27 0 100 0 90 0 88 0 14 0 61 0 96 
18 1 2 2 3 3 4 5 5 6 6 7 7 8 9 10 10 11 13 14 18 20 
0 0 0 0 0 0 0 0 0 0 0 0 0 0 0 0 0 0 0 0 0 
66 1 2 3 4 5 5 7 8 8 9 11 11 12 14 15 16 17 20 20 
0 0 0 0 0 0 0 0 0 0 0 0 0 0 0 0 0 0 0 
18 1 2 2 3 4 5 6 6 7 7 8 9 9 10 10 11 11 13 14 16 17 18 20 
0 0 0 0 0 0 0 0 0 0 0 0 0 0 0 0 0 0 0 0 0 0 0 
70 1 1 3 4 5 6 7 8 8 10 11 12 13 14 15 16 18 20 
0 0 0 0 0 0 0 0 0 0 0 0 0 0 0 0 0 0 
21 1 1 2 2 3 4 4 5 5 6 7 8 9 9 10 10 11 11 12 13 15 16 17 18 20 
0 0 0 0 0 0 0 0 0 0 0 0 0 0 0 0 0 0 0 0 0 0 0 0 0 
102 1 3 5 6 6 7 8 9 11 14 15 16 18 20 20 
0 0 0 0 0 0 0 0 0 0 0 0 0 0 0 
20 1 1 2 2 3 3 4 4 5 6 7 8 8 9 10 10 12 13 14 15 17 
0 0 0 0 0 0 0 0 0 0 0 0 0 0 0 0 0 0 0 0 0 
41 2 4 5 5 6 6 7 9 9 11 11 13 15 16 17 18 20 20 
0 0 0 0 0 0 0 0 0 0 0 0 0 0 0 0 0 0 
19 1 2 2 3 4 5 6 7 7 8 8 10 10 11 12 13 14 17 18 20 
0 0 0 0 0 0 0 0 0 0 0 0 0 0 0 0 0 0 0 0 
18 4
32523 1 1 1 1 1 2 2 2 2 4 4 4 4 4 4 4 4 5 5 5 6 6 6 7 7 7 7 8 8 8 8 8 9 9 9 9 10 10 10 11 11 11 12 12 12 13 13 13 14 14 15 16 16 16 17 17 18 18 18 19 19 20 21 
29 44 0 0 0 62 96 0 0 4 100 0 52 68 0 0 0 96 20 0 93 57 0 63 94 0 0 27 100 0 0 0 66 19 0 0 60 28 0 23 74 0 88 49 0 15 15 0 34 88 60 28 100 0 11 68 70 50 0 68 70 64 100 
-404105396 1 1 1 1 1 2 2 2 2 2 4 4 4 4 4 4 4 4 4 4 4 5 5 5 5 5 6 6 6 6 6 7 7 7 7 7 8 8 8 8 9 9 9 9 10 10 10 10 10 11 11 11 11 11 12 12 12 12 13 13 13 13 14 14 14 15 15 15 16 16 17 17 17 18 18 18 19 19 19 20 20 21 
14 69 0 0 0 89 90 0 0 0 64 45 0 0 0 0 65 31 0 0 0 100 67 0 0 0 56 20 0 0 0 42 50 0 0 0 90 26 0 0 68 71 0 0 67 55 0 0 0 19 20 0 0 0 82 53 0 0 63 16 0 0 68 19 0 8 64 0 58 98 99 81 0 77 4 0 43 95 0 59 26 19 
32522 1 1 1 1 1 2 2 2 2 4 4 4 4 4 4 4 4 5 5 5 5 5 6 6 6 7 7 7 8 8 8 8 8 9 9 9 9 9 10 10 10 11 11 11 11 12 12 12 12 13 13 13 14 14 14 15 15 16 16 16 17 17 17 18 18 19 19 19 20 20 21 
75 12 0 0 0 68 0 0 0 22 88 0 0 45 73 0 0 77 65 0 0 0 43 17 0 55 74 0 76 81 0 0 0 71 92 0 0 0 25 0 0 15 35 0 0 94 23 0 0 48 56 0 39 61 0 34 16 30 58 0 97 8 0 40 82 57 54 0 14 10 34 
9 1 1 1 1 2 2 2 2 2 4 4 4 4 4 4 4 4 4 4 4 4 5 5 5 5 5 6 6 6 6 6 7 7 7 7 7 8 8 8 8 8 9 9 9 9 10 10 10 10 10 11 11 11 11 11 12 12 12 13 13 13 13 14 14 14 15 15 16 16 17 17 17 18 18 18 19 19 20 21 
1 20 0 0 65 0 0 0 0 16 0 0 0 0 0 79 55 0 0 0 0 49 8 0 0 0 34 89 0 0 0 62 0 0 0 0 43 16 0 0 0 38 59 0 0 66 0 0 0 0 54 85 0 0 0 23 0 0 72 7 0 0 35 30 0 3 0 79 0 99 81 0 72 0 0 81 0 57 10 
31 1 1 1 1 1 1 2 2 2 2 2 4 4 4 4 4 4 4 4 5 5 5 6 6 6 6 7 7 7 7 8 8 8 9 9 9 9 9 10 10 10 10 10 11 11 11 11 11 12 12 12 13 13 13 14 14 14 15 15 15 16 16 16 17 17 17 18 18 19 19 19 20 20 21 
14 0 0 0 0 0 37 0 0 0 0 35 0 0 0 0 61 0 0 74 42 0 48 45 0 0 44 0 0 0 25 0 0 58 0 0 0 0 44 0 0 0 0 41 91 0 0 0 0 0 0 0 0 0 89 0 0 8 47 0 17 0 0 75 8 0 85 0 57 0 0 20 0 33 
10 1 1 1 1 2 2 2 2 4 4 4 4 4 4 4 4 4 4 5 5 5 5 5 6 6 6 6 7 7 7 7 7 8 8 8 8 8 9 9 9 10 10 10 10 11 11 11 11 12 12 12 12 13 13 13 14 14 14 15 16 16 17 17 17 18 18 18 19 19 19 20 20 21 
56 0 0 0 15 0 0 0 29 0 0 0 0 0 0 0 0 0 96 0 0 0 0 0 0 0 0 16 0 0 0 0 39 0 0 0 0 9 0 0 11 0 0 0 29 45 0 0 70 0 0 0 85 0 0 36 0 0 0 100 0 67 0 0 20 0 0 48 0 0 20 0 17 
62 1 1 1 1 1 1 2 2 2 2 2 4 4 4 4 4 4 4 4 4 4 4 5 5 5 5 5 6 6 6 6 6 7 7 7 7 8 8 8 9 9 9 9 9 10 10 10 11 11 11 12 12 12 12 13 13 13 13 14 14 15 15 15 16 16 16 17 17 18 18 19 19 20 20 21 
40 0 0 0 0 0 11 0 0 0 0 79 0 0 0 0 0 75 0 0 0 0 29 0 0 0 0 96 0 0 0 0 60 0 0 0 87 0 0 62 0 0 0 0 20 0 0 0 0 0 79 0 0 0 66 0 0 0 16 0 67 0 0 74 0 0 9 0 38 0 26 0 21 0 18 
10 1 1 1 1 1 2 2 2 2 4 4 4 4 4 4 4 4 4 5 5 5 6 6 6 6 7 7 7 7 7 8 8 8 8 8 9 9 9 9 10 10 10 10 10 11 11 11 11 12 12 12 12 13 13 13 13 14 14 14 15 15 15 16 16 16 17 17 18 18 18 19 19 19 20 21 
79 0 0 0 0 13 0 0 0 52 0 0 6 0 0 0 0 0 0 0 0 6 0 0 0 51 0 0 0 0 82 0 0 0 0 52 0 0 0 81 0 0 0 0 29 0 0 0 9 0 0 0 63 0 0 0 61 0 0 100 0 0 41 0 0 0 0 19 0 0 6 0 0 83 89 
6 1 1 2 2 2 2 2 4 4 4 4 4 4 4 4 4 5 5 5 5 6 6 6 7 7 7 8 8 8 9 9 9 9 10 10 10 10 11 11 11 11 12 12 12 13 13 13 14 14 15 16 16 17 17 18 18 19 19 20 20 21 
0 0 45 0 0 0 0 20 0 0 0 0 55 0 0 0 65 0 0 0 35 0 0 58 0 0 59 0 0 38 0 0 0 12 0 0 0 3 0 0 0 86 0 0 42 0 0 14 0 23 88 0 86 0 80 0 16 0 2 0 97 
12 1 1 1 1 2 2 2 2 4 4 4 4 4 4 4 4 5 5 5 6 6 6 7 7 7 8 8 8 8 9 9 9 9 10 10 10 10 11 11 11 11 12 12 13 13 14 15 15 17 17 18 19 20 21 
25 0 0 0 17 0 0 0 90 0 0 0 0 49 0 0 31 0 0 33 0 0 42 0 0 47 0 0 0 28 0 0 0 69 0 0 0 58 0 0 0 6 0 24 0 84 73 0 38 0 62 31 99 24 
55 1 1 1 1 2 2 4 4 4 4 4 4 5 5 6 6 7 7 8 8 8 9 9 9 10 11 11 12 12 13 13 14 14 15 15 16 16 17 17 18 18 19 19 20 20 21 
78 0 0 0 5 0 0 0 31 0 0 0 40 0 63 0 1 0 63 0 0 26 0 0 88 81 0 36 0 57 0 92 0 27 0 100 0 90 0 88 0 14 0 61 0 96 
13 1 1 2 2 2 4 4 4 4 5 5 6 6 7 7 8 9 10 10 11 13 14 18 20 
0 0 0 0 0 0 0 0 0 0 0 0 0 0 0 0 0 0 0 0 0 0 0 0 
98 1 1 2 2 4 4 4 4 5 5 7 8 8 9 11 11 12 14 15 16 17 19 20 
0 0 0 0 0 0 0 0 0 0 0 0 0 0 0 0 0 0 0 0 0 0 0 
14 1 1 2 2 2 4 4 4 5 6 6 7 7 8 9 9 10 10 11 11 13 14 16 17 18 19 
0 0 0 0 0 0 0 0 0 0 0 0 0 0 0 0 0 0 0 0 0 0 0 0 0 0 
51 1 1 1 4 4 4 4 5 6 7 8 8 10 11 12 13 14 15 16 18 20 
0 0 0 0 0 0 0 0 0 0 0 0 0 0 0 0 0 0 0 0 0 
2 1 1 2 2 2 4 4 4 5 5 6 7 8 9 9 10 10 11 11 12 13 15 16 17 18 19 
0 0 0 0 0 0 0 0 0 0 0 0 0 0 0 0 0 0 0 0 0 0 0 0 0 0 
4 1 1 2 4 4 4 5 6 6 7 8 9 11 14 15 16 18 19 20 
0 0 0 0 0 0 0 0 0 0 0 0 0 0 0 0 0 0 0 
4 1 1 2 2 2 4 4 4 4 4 5 6 7 8 8 9 10 10 12 13 14 15 17 
0 0 0 0 0 0 0 0 0 0 0 0 0 0 0 0 0 0 0 0 0 0 0 
11 7
32528 1 1 1 1 1 1 2 2 2 2 2 3 3 3 3 4 4 4 4 4 4 5 5 5 5 7 7 7 7 7 7 7 7 8 8 8 8 8 9 9 9 9 10 10 10 11 11 11 12 12 12 13 13 13 14 14 15 16 16 16 17 17 18 18 18 19 19 20 21 
5 44 0 0 0 0 58 96 0 0 0 32 70 0 0 70 68 0 0 0 0 44 20 0 0 7 57 0 0 8 94 0 0 27 100 0 0 0 66 19 0 0 60 28 0 23 74 0 88 49 0 15 15 0 34 88 60 28 100 0 11 68 70 50 0 68 70 64 100 
-404105507 1 1 1 1 1 2 2 2 2 2 2 3 3 3 3 3 3 3 4 4 4 4 4 4 5 5 5 5 5 5 7 7 7 7 7 7 7 7 7 7 7 8 8 8 8 9 9 9 9 10 10 10 10 10 11 11 11 11 11 12 12 12 12 13 13 13 13 14 14 14 15 15 15 16 16 17 17 17 18 18 18 19 19 19 20 20 21 
88 69 0 0 0 18 90 0 0 0 0 98 45 0 0 0 0 0 7 31 0 0 0 0 3 67 0 0 0 0 36 20 0 0 0 47 50 0 0 0 0 90 26 0 0 68 71 0 0 67 55 0 0 0 19 20 0 0 0 82 53 0 0 63 16 0 0 68 19 0 8 64 0 58 98 99 81 0 77 4 0 43 95 0 59 26 19 
32529 1 1 1 1 1 1 2 2 2 2 2 3 3 3 3 3 4 4 4 4 4 5 5 5 5 5 5 7 7 7 7 7 7 7 7 8 8 8 8 8 9 9 9 9 9 10 10 10 11 11 11 11 12 12 12 12 13 13 13 14 14 14 15 15 16 16 16 17 17 17 18 18 19 19 19 20 20 21 
85 12 0 0 0 0 10 0 0 0 0 90 88 0 0 0 69 73 0 0 0 67 65 0 0 0 0 89 17 0 0 13 74 0 0 76 81 0 0 0 71 92 0 0 0 25 0 0 15 35 0 0 94 23 0 0 48 56 0 39 61 0 34 16 30 58 0 97 8 0 40 82 57 54 0 14 10 34 
13 1 1 1 1 1 2 2 2 2 2 2 3 3 3 3 3 3 3 4 4 4 4 4 4 5 5 5 5 5 5 7 7 7 7 7 7 7 7 7 7 7 8 8 8 8 8 9 9 9 9 10 10 10 10 10 11 11 11 11 11 12 12 12 13 13 13 13 14 14 14 15 15 16 16 17 17 17 18 18 18 19 19 20 21 
20 20 0 0 0 87 0 0 0 0 0 50 0 0 0 0 0 0 52 55 0 0 0 0 86 8 0 0 0 0 66 89 0 0 0 3 0 0 0 0 0 43 16 0 0 0 38 59 0 0 66 0 0 0 0 54 85 0 0 0 23 0 0 72 7 0 0 35 30 0 3 0 79 0 99 81 0 72 0 0 81 0 57 10 
89 1 1 1 1 1 1 1 2 2 2 2 2 2 3 3 3 3 3 3 4 4 4 4 5 5 5 5 7 7 7 7 7 7 7 7 7 7 8 8 8 9 9 9 9 9 10 10 10 10 10 11 11 11 11 11 12 12 12 13 13 13 14 14 14 15 15 15 16 16 16 17 17 17 18 18 19 19 19 20 20 21 
11 0 0 0 0 0 0 33 0 0 0 0 0 35 0 0 0 0 0 49 0 0 0 11 42 0 0 51 45 0 0 0 14 0 0 0 0 25 0 0 58 0 0 0 0 44 0 0 0 0 41 91 0 0 0 0 0 0 0 0 0 89 0 0 8 47 0 17 0 0 75 8 0 85 0 57 0 0 20 0 33 
16 1 1 1 1 1 2 2 2 2 2 3 3 3 3 3 3 4 4 4 4 4 4 5 5 5 5 5 5 7 7 7 7 7 7 7 7 7 7 7 8 8 8 8 8 9 9 9 10 10 10 10 11 11 11 11 12 12 12 12 13 13 13 14 14 14 15 16 16 17 17 17 18 18 18 19 19 19 20 20 21 
76 0 0 0 0 71 0 0 0 0 66 0 0 0 0 0 0 0 0 0 0 0 19 0 0 0 0 0 0 0 0 0 0 18 0 0 0 0 0 39 0 0 0 0 9 0 0 11 0 0 0 29 45 0 0 70 0 0 0 85 0 0 36 0 0 0 100 0 67 0 0 20 0 0 48 0 0 20 0 17 
92 1 1 1 1 1 1 1 2 2 2 2 2 2 3 3 3 3 3 3 3 4 4 4 4 4 4 5 5 5 5 5 5 7 7 7 7 7 7 7 7 7 7 7 8 8 8 9 9 9 9 9 10 10 10 11 11 11 12 12 12 12 13 13 13 13 14 14 15 15 15 16 16 16 17 17 18 18 19 19 20 20 21 
54 0 0 0 0 0 0 80 0 0 0 0 0 75 0 0 0 0 0 0 67 0 0 0 0 0 91 0 0 0 0 0 71 0 0 0 0 0 51 0 0 0 0 87 0 0 62 0 0 0 0 20 0 0 0 0 0 79 0 0 0 66 0 0 0 16 0 67 0 0 74 0 0 9 0 38 0 26 0 21 0 18 
17 1 1 1 1 1 1 2 2 2 2 2 3 3 3 3 4 4 4 4 4 4 4 5 5 5 5 7 7 7 7 7 7 7 7 7 7 7 8 8 8 8 8 9 9 9 9 10 10 10 10 10 11 11 11 11 12 12 12 12 13 13 13 13 14 14 14 15 15 15 16 16 16 17 17 18 18 18 19 19 19 20 21 
36 0 0 0 0 0 48 0 0 0 0 51 0 0 0 35 0 0 0 0 0 0 0 0 0 0 46 0 0 0 0 56 0 0 0 0 0 82 0 0 0 0 52 0 0 0 81 0 0 0 0 29 0 0 0 9 0 0 0 63 0 0 0 61 0 0 100 0 0 41 0 0 0 0 19 0 0 6 0 0 83 89 
24 1 1 1 2 2 2 2 2 2 3 3 3 3 3 3 4 4 4 4 4 5 5 5 5 7 7 7 7 7 7 7 7 8 8 8 9 9 9 9 10 10 10 10 11 11 11 11 12 12 12 13 13 13 14 14 15 16 16 17 17 18 18 19 19 20 20 21 
0 0 0 1 0 0 0 0 0 14 0 0 0 0 0 58 0 0 0 0 8 0 0 0 62 0 0 0 44 0 0 0 59 0 0 38 0 0 0 12 0 0 0 3 0 0 0 86 0 0 42 0 0 14 0 23 88 0 86 0 80 0 16 0 2 0 97 
16 1 1 1 1 1 2 2 2 2 2 3 3 3 3 3 3 4 4 4 5 5 5 5 7 7 7 7 7 7 7 8 8 8 8 9 9 9 9 10 10 10 10 11 11 11 11 12 12 13 13 14 15 15 17 17 18 19 20 21 
54 0 0 0 0 79 0 0 0 0 38 0 0 0 0 0 56 0 0 13 0 0 0 33 0 0 70 0 0 0 47 0 0 0 28 0 0 0 69 0 0 0 58 0 0 0 6 0 24 0 84 73 0 38 0 62 31 99 24 
56 1 1 1 1 1 2 2 2 3 3 3 4 4 4 4 4 5 5 5 7 7 7 7 7 7 8 8 8 9 9 9 10 11 11 12 12 13 13 14 14 15 15 16 16 17 17 18 18 19 19 20 20 21 
9 0 0 0 0 47 0 0 0 0 0 31 0 0 0 0 14 0 0 63 0 0 1 0 0 63 0 0 26 0 0 88 81 0 36 0 57 0 92 0 27 0 100 0 90 0 88 0 14 0 61 0 96 
6 24
32546 1 1 1 1 1 1 1 2 2 2 2 2 2 3 3 3 3 3 4 4 4 4 4 4 4 5 5 5 5 5 6 6 6 6 6 7 7 7 7 7 8 8 8 8 8 8 9 9 9 9 9 10 10 10 10 11 11 11 11 12 12 12 12 13 13 13 13 14 14 14 15 15 16 16 16 16 17 17 17 18 18 18 18 19 19 19 20 20 21 21 22 24 24 
31 44 0 0 0 0 0 60 96 0 0 0 0 29 70 0 0 0 8 68 0 0 0 0 0 21 20 0 0 0 2 57 0 0 0 37 94 0 0 0 84 100 0 0 0 0 93 19 0 0 0 91 28 0 0 51 74 0 0 37 49 0 0 22 15 0 0 71 88 0 60 0 90 100 0 0 99 68 0 82 50 0 0 37 70 0 86 0 7 0 58 44 60 
-404105552 1 1 1 1 1 1 2 2 2 2 2 2 2 3 3 3 3 3 3 3 3 4 4 4 4 4 4 4 5 5 5 5 5 5 5 6 6 6 6 6 6 7 7 7 7 7 7 7 8 8 8 8 8 9 9 9 9 9 10 10 10 10 10 10 11 11 11 11 11 11 12 12 12 12 12 13 13 13 13 13 14 14 14 14 15 15 15 15 16 16 16 17 17 17 17 18 18 18 18 19 19 19 19 20 20 20 21 21 22 24 24 
33 69 0 0 0 0 62 90 0 0 0 0 0 10 45 0 0 0 0 0 0 99 31 0 0 0 0 0 86 67 0 0 0 0 0 92 20 0 0 0 0 73 50 0 0 0 0 0 100 26 0 0 0 76 71 0 0 0 89 55 0 0 0 0 66 20 0 0 0 0 56 53 0 0 0 49 16 0 0 0 23 19 0 0 23 64 0 0 71 98 0 8 81 0 0 75 4 0 0 77 95 0 0 69 26 0 71 0 92 78 3 
32546 1 1 1 1 1 1 1 2 2 2 2 2 2 3 3 3 3 3 3 4 4 4 4 4 4 5 5 5 5 5 5 5 6 6 6 6 6 7 7 7 7 7 8 8 8 8 8 8 9 9 9 9 9 9 10 10 10 10 11 11 11 11 11 12 12 12 12 12 13 13 13 13 14 14 14 14 15 15 15 16 16 16 16 17 17 17 17 18 18 18 19 19 19 19 20 20 20 21 21 22 24 24 
86 12 0 0 0 0 0 53 0 0 0 0 0 89 88 0 0 0 0 96 73 0 0 0 0 57 65 0 0 0 0 0 46 17 0 0 0 96 74 0 0 0 7 81 0 0 0 0 62 92 0 0 0 0 41 0 0 0 2 35 0 0 0 1 23 0 0 0 83 56 0 0 31 61 0 0 98 16 0 12 58 0 0 52 8 0 0 96 82 0 30 54 0 0 91 10 0 8 0 11 14 10 
30 1 1 1 1 1 1 2 2 2 2 2 2 2 3 3 3 3 3 3 3 3 4 4 4 4 4 4 4 5 5 5 5 5 5 5 6 6 6 6 6 6 7 7 7 7 7 7 7 8 8 8 8 8 8 9 9 9 9 9 10 10 10 10 10 10 11 11 11 11 11 11 12 12 12 12 13 13 13 13 13 14 14 14 14 15 15 15 16 16 16 17 17 17 17 18 18 18 18 19 19 19 20 20 21 21 22 24 24 
87 20 0 0 0 0 3 0 0 0 0 0 0 3 0 0 0 0 0 0 0 22 55 0 0 0 0 0 45 8 0 0 0 0 0 20 89 0 0 0 0 96 0 0 0 0 0 0 44 16 0 0 0 0 36 59 0 0 0 58 0 0 0 0 0 43 85 0 0 0 0 4 0 0 0 42 7 0 0 0 41 30 0 0 3 0 0 45 0 0 57 81 0 0 10 0 0 0 81 0 0 57 0 69 0 55 78 7 
24 1 1 1 1 1 1 1 1 2 2 2 2 2 2 2 3 3 3 3 3 3 3 4 4 4 4 4 5 5 5 5 5 6 6 6 6 6 6 7 7 7 7 7 7 8 8 8 8 9 9 9 9 9 9 10 10 10 10 10 10 11 11 11 11 11 11 12 12 12 12 13 13 13 13 14 14 14 14 15 15 15 15 16 16 16 16 17 17 17 17 18 18 18 19 19 19 19 20 20 20 21 21 22 24 24 
29 0 0 0 0 0 0 0 38 0 0 0 0 0 0 19 0 0 0 0 0 0 26 0 0 0 0 74 42 0 0 0 40 45 0 0 0 0 37 0 0 0 0 0 21 0 0 0 23 0 0 0 0 0 84 0 0 0 0 0 23 91 0 0 0 0 0 0 0 0 0 0 0 0 6 0 0 0 30 47 0 0 93 0 0 0 13 8 0 0 55 0 0 23 0 0 0 35 0 0 79 0 97 34 45 
31 1 1 1 1 1 1 2 2 2 2 2 2 3 3 3 3 3 3 3 4 4 4 4 4 4 4 5 5 5 5 5 5 5 6 6 6 6 6 6 7 7 7 7 7 7 7 8 8 8 8 8 8 9 9 9 9 10 10 10 10 10 11 11 11 11 11 12 12 12 12 12 13 13 13 13 14 14 14 14 15 15 16 16 16 17 17 17 17 18 18 18 18 19 19 19 19 20 20 20 21 21 22 24 24 
92 0 0 0 0 0 88 0 0 0 0 0 84 0 0 0 0 0 0 0 0 0 0 0 0 0 80 0 0 0 0 0 0 0 0 0 0 0 0 57 0 0 0 0 0 0 70 0 0 0 0 0 95 0 0 0 93 0 0 0 0 73 45 0 0 0 59 0 0 0 0 42 0 0 0 42 0 0 0 0 0 89 0 0 19 0 0 0 34 0 0 0 28 0 0 0 75 0 0 61 0 94 40 75 
24 1
32523 1 1 1 1 1 1 1 1 2 2 2 2 2 2 3 3 3 3 3 4 4 4 4 4 4 4 5 5 5 5 5 6 6 6 6 6 7 7 7 7 7 8 8 8 8 8 8 9 9 9 9 9 10 10 10 10 11 11 11 11 12 12 12 12 13 13 13 13 14 14 14 15 15 16 16 16 16 17 17 17 18 18 18 18 19 19 19 20 20 21 21 22 23 24 
52 84 0 0 0 0 0 0 60 96 0 0 0 0 29 70 0 0 0 8 68 0 0 0 0 0 21 20 0 0 0 2 57 0 0 0 37 94 0 0 0 84 100 0 0 0 0 93 19 0 0 0 91 28 0 0 51 74 0 0 37 49 0 0 22 15 0 0 71 88 0 60 0 90 100 0 0 99 68 0 82 50 0 0 37 70 0 86 0 7 0 58 44 60 
-404105607 1 1 1 1 1 1 1 2 2 2 2 2 2 2 3 3 3 3 3 3 3 3 4 4 4 4 4 4 4 5 5 5 5 5 5 5 6 6 6 6 6 6 7 7 7 7 7 7 7 8 8 8 8 8 9 9 9 9 9 10 10 10 10 10 10 11 11 11 11 11 11 12 12 12 12 12 13 13 13 13 13 14 14 14 14 15 15 15 15 16 16 16 17 17 17 17 18 18 18 18 19 19 19 19 20 20 20 21 21 22 23 24 
19 79 0 0 0 0 0 62 90 0 0 0 0 0 10 45 0 0 0 0 0 0 99 31 0 0 0 0 0 86 67 0 0 0 0 0 92 20 0 0 0 0 73 50 0 0 0 0 0 100 26 0 0 0 76 71 0 0 0 89 55 0 0 0 0 66 20 0 0 0 0 56 53 0 0 0 49 16 0 0 0 23 19 0 0 23 64 0 0 71 98 0 8 81 0 0 75 4 0 0 77 95 0 0 69 26 0 71 0 92 78 3 
32522 1 1 1 1 1 1 1 2 2 2 2 2 2 3 3 3 3 3 3 4 4 4 4 4 4 5 5 5 5 5 5 5 6 6 6 6 6 7 7 7 7 7 8 8 8 8 8 8 9 9 9 9 9 9 10 10 10 10 11 11 11 11 11 12 12 12 12 12 13 13 13 13 14 14 14 14 15 15 15 16 16 16 16 17 17 17 17 18 18 18 19 19 19 19 20 20 20 21 21 22 23 24 
43 17 0 0 0 0 0 53 0 0 0 0 0 89 88 0 0 0 0 96 73 0 0 0 0 57 65 0 0 0 0 0 46 17 0 0 0 96 74 0 0 0 7 81 0 0 0 0 62 92 0 0 0 0 41 0 0 0 2 35 0 0 0 1 23 0 0 0 83 56 0 0 31 61 0 0 98 16 0 12 58 0 0 52 8 0 0 96 82 0 30 54 0 0 91 10 0 8 0 11 14 10 
3 1 1 1 1 1 1 1 2 2 2 2 2 2 2 3 3 3 3 3 3 3 3 4 4 4 4 4 4 4 5 5 5 5 5 5 5 6 6 6 6 6 6 7 7 7 7 7 7 7 8 8 8 8 8 8 9 9 9 9 9 10 10 10 10 10 10 11 11 11 11 11 11 12 12 12 12 13 13 13 13 13 14 14 14 14 15 15 15 16 16 16 17 17 17 17 18 18 18 18 19 19 19 20 20 21 21 22 23 24 
33 100 0 0 0 0 0 3 0 0 0 0 0 0 3 0 0 0 0 0 0 0 22 55 0 0 0 0 0 45 8 0 0 0 0 0 20 89 0 0 0 0 96 0 0 0 0 0 0 44 16 0 0 0 0 36 59 0 0 0 58 0 0 0 0 0 43 85 0 0 0 0 4 0 0 0 42 7 0 0 0 41 30 0 0 3 0 0 45 0 0 57 81 0 0 10 0 0 0 81 0 0 57 0 69 0 55 78 7 
1 1 1 1 1 1 1 1 1 1 2 2 2 2 2 2 2 3 3 3 3 3 3 3 4 4 4 4 4 5 5 5 5 5 6 6 6 6 6 6 7 7 7 7 7 7 8 8 8 8 9 9 9 9 9 9 10 10 10 10 10 10 11 11 11 11 11 11 12 12 12 12 13 13 13 13 14 14 14 14 15 15 15 15 16 16 16 16 17 17 17 17 18 18 18 19 19 19 19 20 20 20 21 21 22 23 24 
84 0 0 0 0 0 0 0 0 38 0 0 0 0 0 0 19 0 0 0 0 0 0 26 0 0 0 0 74 42 0 0 0 40 45 0 0 0 0 37 0 0 0 0 0 21 0 0 0 23 0 0 0 0 0 84 0 0 0 0 0 23 91 0 0 0 0 0 0 0 0 0 0 0 0 6 0 0 0 30 47 0 0 93 0 0 0 13 8 0 0 55 0 0 23 0 0 0 35 0 0 79 0 97 34 45 
3 1 1 1 1 1 1 2 2 2 2 2 2 3 3 3 3 3 3 3 4 4 4 4 4 4 4 5 5 5 5 5 5 5 6 6 6 6 6 6 7 7 7 7 7 7 7 8 8 8 8 8 8 9 9 9 9 10 10 10 10 10 11 11 11 11 11 12 12 12 12 12 13 13 13 13 14 14 14 14 15 15 16 16 16 17 17 17 17 18 18 18 18 19 19 19 19 20 20 20 21 21 22 23 24 
21 0 0 0 0 0 88 0 0 0 0 0 84 0 0 0 0 0 0 0 0 0 0 0 0 0 80 0 0 0 0 0 0 0 0 0 0 0 0 57 0 0 0 0 0 0 70 0 0 0 0 0 95 0 0 0 93 0 0 0 0 73 45 0 0 0 59 0 0 0 0 42 0 0 0 42 0 0 0 0 0 89 0 0 19 0 0 0 34 0 0 0 28 0 0 0 75 0 0 61 0 94 40 75 
1 1 1 1 1 1 1 1 1 2 2 2 2 2 2 3 3 3 3 3 3 3 4 4 4 4 4 4 5 5 5 5 5 5 6 6 6 6 6 6 7 7 7 7 7 8 8 8 9 9 9 9 9 10 10 10 11 11 11 12 12 12 12 13 13 13 13 14 14 15 15 15 16 16 16 17 17 18 18 19 19 20 20 21 
56 0 0 0 0 0 0 0 80 0 0 0 0 0 75 0 0 0 0 0 0 48 0 0 0 0 0 91 0 0 0 0 0 91 0 0 0 0 0 51 0 0 0 0 87 0 0 62 0 0 0 0 20 0 0 0 0 0 25 0 0 0 87 0 0 0 16 0 35 0 0 74 0 0 9 0 38 0 51 0 87 0 18 
5 1 1 1 1 1 1 1 2 2 2 2 2 3 3 3 3 4 4 4 4 4 4 4 5 5 5 5 6 6 6 6 6 7 7 7 7 7 7 8 8 8 8 8 9 9 9 9 10 10 10 10 10 11 11 11 11 12 12 12 12 13 13 13 13 14 14 14 15 15 15 16 16 16 17 17 18 18 18 19 19 19 20 21 
87 0 0 0 0 0 0 48 0 0 0 0 51 0 0 0 35 0 0 0 0 0 0 0 0 0 0 46 0 0 0 0 56 0 0 0 0 0 82 0 0 0 0 52 0 0 0 81 0 0 0 0 29 0 0 0 9 0 0 0 63 0 0 0 61 0 0 19 0 0 41 0 0 0 0 19 0 0 6 0 0 83 89 
0 1 1 1 2 2 2 2 2 2 3 3 3 3 3 3 4 4 4 4 4 5 5 5 5 6 6 6 6 7 7 7 7 8 8 8 9 9 9 9 10 10 10 10 11 11 11 11 12 12 12 13 13 13 14 14 15 16 16 17 17 18 18 19 19 20 20 21 
0 0 0 1 0 0 0 0 0 14 0 0 0 0 0 58 0 0 0 0 8 0 0 0 62 0 0 0 44 0 0 0 59 0 0 38 0 0 0 12 0 0 0 3 0 0 0 86 0 0 42 0 0 14 0 40 88 0 86 0 80 0 16 0 2 0 97 
5 1 1 1 1 1 2 2 2 2 2 3 3 3 3 3 3 4 4 4 5 5 5 5 6 6 6 7 7 7 7 8 8 8 8 9 9 9 9 10 10 10 10 11 11 11 11 12 12 13 13 14 15 15 17 17 18 19 20 21 
79 0 0 0 0 79 0 0 0 0 38 0 0 0 0 0 56 0 0 13 0 0 0 33 0 0 70 0 0 0 47 0 0 0 28 0 0 0 69 0 0 0 58 0 0 0 6 0 24 0 84 73 0 38 0 62 31 99 24 
1 1 1 1 1 1 1 2 2 2 3 3 3 4 4 4 4 4 5 5 5 6 6 6 7 7 7 8 8 8 9 9 9 10 11 11 12 12 13 13 14 14 15 15 16 16 17 17 18 18 19 19 20 20 21 
9 0 0 0 0 0 47 0 0 0 0 0 31 0 0 0 0 14 0 0 63 0 0 1 0 0 63 0 0 26 0 0 88 81 0 36 0 57 0 92 0 27 0 100 0 90 0 88 0 14 0 61 0 96 
6 1 1 2 2 2 3 3 3 4 5 5 6 6 7 7 8 9 10 10 11 13 14 18 20 
0 0 0 0 0 0 0 0 0 0 0 0 0 0 0 0 0 0 0 0 0 0 0 0 
1 1 1 1 2 2 3 3 4 4 5 5 7 8 8 9 11 11 12 14 15 16 17 19 20 
0 0 0 0 0 0 0 0 0 0 0 0 0 0 0 0 0 0 0 0 0 0 0 0 
8 1 1 1 2 2 2 3 4 4 5 6 6 7 7 8 9 9 10 10 11 11 13 14 16 17 18 19 
0 0 0 0 0 0 0 0 0 0 0 0 0 0 0 0 0 0 0 0 0 0 0 0 0 0 0 
1 1 1 1 1 3 3 4 4 5 6 7 8 8 10 11 12 13 14 15 16 18 20 
0 0 0 0 0 0 0 0 0 0 0 0 0 0 0 0 0 0 0 0 0 0 
8 1 1 2 2 2 3 4 4 5 5 6 7 8 9 9 10 10 11 11 12 13 15 16 17 18 19 
0 0 0 0 0 0 0 0 0 0 0 0 0 0 0 0 0 0 0 0 0 0 0 0 0 0 
1 1 1 1 2 3 3 4 5 6 6 7 8 9 11 14 15 16 18 19 20 
0 0 0 0 0 0 0 0 0 0 0 0 0 0 0 0 0 0 0 0 
1 1 1 2 2 2 3 3 4 4 4 5 6 7 8 8 9 10 10 12 13 14 15 17 
0 0 0 0 0 0 0 0 0 0 0 0 0 0 0 0 0 0 0 0 0 0 0 
1 1 2 4 5 5 6 6 7 9 9 11 11 13 15 16 17 18 19 20 
0 0 0 0 0 0 0 0 0 0 0 0 0 0 0 0 0 0 0 
2 1 2 2 3 4 5 6 7 7 8 8 10 10 11 12 13 14 17 18 19 
0 0 0 0 0 0 0 0 0 0 0 0 0 0 0 0 0 0 0 0 
0 1 3 5 6 8 9 11 
0 0 0 0 0 0 0 
5 1 2 3 4 6 7 9 10 
0 0 0 0 0 0 0 0 
0 

7 1 
0 
5 22
22 1 1 1 1 1 1 1 1 1 2 2 2 2 2 2 2 3 3 3 3 3 3 4 4 4 4 4 4 4 4 5 5 5 5 5 5 6 6 6 6 6 6 7 7 7 7 7 7 8 8 8 8 8 8 8 9 9 9 9 9 9 10 10 10 10 10 11 11 11 11 11 12 12 12 12 12 13 13 13 13 13 14 14 14 14 15 15 15 16 16 16 16 16 17 17 17 17 18 18 18 18 18 19 19 19 19 20 20 20 22 22 22 22 22 23 24 
77 84 0 0 0 0 0 0 0 45 96 0 0 0 0 0 68 70 0 0 0 0 95 68 0 0 0 0 0 0 22 20 0 0 0 0 89 57 0 0 0 0 9 94 0 0 0 0 83 100 0 0 0 0 0 66 19 0 0 0 0 52 28 0 0 0 49 74 0 0 0 39 49 0 0 0 58 15 0 0 0 45 88 0 0 60 0 0 56 100 0 0 0 98 68 0 0 82 50 0 0 0 4 70 0 0 70 0 0 2 0 0 18 0 44 60 
24 1 1 1 1 1 1 1 1 2 2 2 2 2 2 2 2 3 3 3 3 3 3 3 3 3 4 4 4 4 4 4 4 4 5 5 5 5 5 5 5 5 6 6 6 6 6 6 6 7 7 7 7 7 7 7 7 8 8 8 8 8 8 9 9 9 9 9 9 10 10 10 10 10 10 10 11 11 11 11 11 11 11 12 12 12 12 12 12 13 13 13 13 13 13 14 14 14 14 14 15 15 15 15 15 16 16 16 16 17 17 17 17 17 18 18 18 18 18 19 19 19 19 19 20 20 20 20 22 22 22 22 22 23 24 
28 79 0 0 0 0 0 0 71 90 0 0 0 0 0 0 41 45 0 0 0 0 0 0 0 37 31 0 0 0 0 0 0 21 67 0 0 0 0 0 0 49 20 0 0 0 0 0 17 50 0 0 0 0 0 0 60 26 0 0 0 0 37 71 0 0 0 0 30 55 0 0 0 0 0 81 20 0 0 0 0 0 7 53 0 0 0 0 98 16 0 0 0 0 10 19 0 0 0 93 64 0 0 0 61 98 0 0 100 81 0 0 0 61 4 0 0 0 4 95 0 0 0 31 26 0 0 75 0 0 8 0 78 3 
22 1 1 1 1 1 1 1 1 2 2 2 2 2 2 2 3 3 3 3 3 3 3 4 4 4 4 4 4 4 5 5 5 5 5 5 5 5 6 6 6 6 6 6 7 7 7 7 7 7 8 8 8 8 8 8 8 9 9 9 9 9 9 9 10 10 10 10 10 11 11 11 11 11 11 12 12 12 12 12 12 13 13 13 13 13 14 14 14 14 14 15 15 15 15 16 16 16 16 16 17 17 17 17 17 18 18 18 18 19 19 19 19 19 20 20 20 20 22 22 22 22 22 23 24 
73 17 0 0 0 0 0 0 99 0 0 0 0 0 0 7 88 0 0 0 0 0 25 73 0 0 0 0 0 30 65 0 0 0 0 0 0 59 17 0 0 0 0 48 74 0 0 0 0 19 81 0 0 0 0 0 10 92 0 0 0 0 0 46 0 0 0 0 15 35 0 0 0 0 95 23 0 0 0 0 94 56 0 0 0 6 61 0 0 0 76 16 0 0 73 58 0 0 0 73 8 0 0 0 27 82 0 0 96 54 0 0 0 14 10 0 0 46 0 0 76 0 14 10 
54 1 1 1 1 1 1 1 1 2 2 2 2 2 2 2 2 3 3 3 3 3 3 3 3 3 4 4 4 4 4 4 4 4 5 5 5 5 5 5 5 5 6 6 6 6 6 6 6 7 7 7 7 7 7 7 7 8 8 8 8 8 8 8 9 9 9 9 9 9 10 10 10 10 10 10 10 11 11 11 11 11 11 11 12 12 12 12 12 13 13 13 13 13 13 14 14 14 14 14 15 15 15 15 16 16 16 16 17 17 17 17 17 18 18 18 18 18 19 19 19 19 20 20 20 22 22 22 22 22 23 24 
74 100 0 0 0 0 0 0 74 0 0 0 0 0 0 0 64 0 0 0 0 0 0 0 0 99 55 0 0 0 0 0 0 85 8 0 0 0 0 0 0 98 89 0 0 0 0 0 37 0 0 0 0 0 0 0 29 16 0 0 0 0 0 73 59 0 0 0 0 68 0 0 0 0 0 0 91 85 0 0 0 0 0 78 0 0 0 0 77 7 0 0 0 0 6 30 0 0 0 3 0 0 0 66 0 0 0 63 81 0 0 0 84 0 0 0 0 81 0 0 0 57 0 0 62 0 0 8 0 78 7 
22 1 1 1 1 1 1 1 1 1 1 2 2 2 2 2 2 2 2 3 3 3 3 3 3 3 3 4 4 4 4 4 4 5 5 5 5 5 5 6 6 6 6 6 6 6 7 7 7 7 7 7 7 8 8 8 8 8 9 9 9 9 9 9 9 10 10 10 10 10 10 10 11 11 11 11 11 11 11 12 12 12 12 12 13 13 13 13 13 14 14 14 14 14 15 15 15 15 15 16 16 16 16 16 17 17 17 17 17 18 18 18 18 19 19 19 19 19 20 20 20 20 22 22 22 22 22 23 24 
61 0 0 0 0 0 0 0 0 0 76 0 0 0 0 0 0 0 64 0 0 0 0 0 0 0 10 0 0 0 0 0 76 42 0 0 0 0 96 45 0 0 0 0 0 21 0 0 0 0 0 0 40 0 0 0 0 84 0 0 0 0 0 0 100 0 0 0 0 0 0 7 91 0 0 0 0 0 0 0 0 0 0 0 0 0 0 0 98 0 0 0 0 15 47 0 0 0 77 0 0 0 0 80 8 0 0 0 30 0 0 0 64 0 0 0 0 66 0 0 0 64 0 0 51 0 34 45 
